[2018-03-05 18:41:42.036987] INFO: jiekou: 当前模块 requests封装
[2018-03-05 18:41:42.100987] INFO: jiekou: 当前模块 解析测试用例文件
[2018-03-05 18:41:42.118987] INFO: jiekou: 当前模块 解析测试用例文件
[2018-03-05 18:41:42.121987] INFO: jiekou: 当前模块 测试
[2018-03-05 18:41:42.251987] INFO: jiekou: inputdata> 参数:sasa, url:http://www.tuling123.com/openapi/api ,返回:{'code': 40001, 'text': '亲爱的，key不对哦。'},预期:code=40001
[2018-03-05 18:41:42.252987] INFO: jiekou: 当前模块 断言测试结果
[2018-03-05 18:41:42.348987] INFO: jiekou: inputdata> 参数:, url:http://www.tuling123.com/openapi/api
 ,返回:{'code': 40002, 'text': '你想说啥呢？'},预期:code=40002
[2018-03-05 18:41:42.349987] INFO: jiekou: 当前模块 断言测试结果
[2018-03-05 18:41:43.258987] INFO: jiekou: inputdata> 参数:, url:https://api.douban.com/v2/photo/:id ,返回:{'code': 1001, 'msg': 'uri_not_found', 'request': 'GET /v2/photo/:id'},预期:code=1001&msg=uri_not_found
[2018-03-05 18:41:43.260987] INFO: jiekou: 当前模块 断言测试结果
[2018-03-05 18:41:43.594987] INFO: jiekou: 当前模块 保存测试结果
[2018-03-05 18:44:17.373987] INFO: jiekou: 当前模块 requests封装
[2018-03-05 18:44:17.418987] INFO: jiekou: 当前模块 解析测试用例文件
[2018-03-05 18:44:17.435987] INFO: jiekou: 当前模块 解析测试用例文件
[2018-03-05 18:44:17.438987] INFO: jiekou: 当前模块 测试
[2018-03-05 18:44:17.533987] INFO: jiekou: inputdata> 参数:sasa, url:http://www.tuling123.com/openapi/api ,返回:{'text': '亲爱的，key不对哦。', 'code': 40001},预期:code=40001
[2018-03-05 18:44:17.535987] INFO: jiekou: 当前模块 断言测试结果
[2018-03-05 18:44:17.614987] INFO: jiekou: inputdata> 参数:, url:http://www.tuling123.com/openapi/api
 ,返回:{'text': '有什么想说的话，不用藏在心里，可以直接告诉我哦~', 'code': 40002},预期:code=40002
[2018-03-05 18:44:17.616987] INFO: jiekou: 当前模块 断言测试结果
[2018-03-05 18:44:18.460987] INFO: jiekou: inputdata> 参数:, url:https://api.douban.com/v2/photo/:id ,返回:{'msg': 'uri_not_found', 'request': 'GET /v2/photo/:id', 'code': 1001},预期:code=1001&msg=uri_not_found
[2018-03-05 18:44:18.463987] INFO: jiekou: 当前模块 断言测试结果
[2018-03-05 18:44:18.597987] INFO: jiekou: 当前模块 保存测试结果
